<?xml version="1.0" encoding="UTF-8"?>
<!-- Generated by org.testng.reporters.JUnitXMLReporter -->
<testsuite ignored="0" hostname="IN23GELML4085F2" failures="4" tests="13" name="Dashboard Tests" time="183.433" errors="0" timestamp="2025-11-21T14:28:11 IST">
  <testcase classname="com.transactioninsights.tests.DashboardTest" name="executeTestCase" time="2.355"/>
  <testcase classname="com.transactioninsights.tests.DashboardTest" name="executeTestCase" time="3.315"/>
  <testcase classname="com.transactioninsights.tests.DashboardTest" name="executeTestCase" time="1.938"/>
  <testcase classname="com.transactioninsights.tests.DashboardTest" name="executeTestCase" time="1.729">
    <failure type="java.lang.AssertionError" message="Filtered rows should be less than or equal to initial expected [true] but found [false]">
      <![CDATA[java.lang.AssertionError: Filtered rows should be less than or equal to initial expected [true] but found [false]
at com.transactioninsights.tests.DashboardTest.executeTestCase(DashboardTest.java:106)
at java.base/java.util.ArrayList.forEach(ArrayList.java:1511)
... Removed 34 stack frames]]>
    </failure>
  </testcase> <!-- executeTestCase -->
  <testcase classname="com.transactioninsights.tests.DashboardTest" name="executeTestCase" time="0.146"/>
  <testcase classname="com.transactioninsights.tests.DashboardTest" name="executeTestCase" time="1.582"/>
  <testcase classname="com.transactioninsights.tests.DashboardTest" name="executeTestCase" time="0.996"/>
  <testcase classname="com.transactioninsights.tests.DashboardTest" name="executeTestCase" time="3.684"/>
  <testcase classname="com.transactioninsights.tests.DashboardTest" name="executeTestCase" time="20.249">
    <failure type="java.lang.AssertionError" message="Modal did not open expected [true] but found [false]">
      <![CDATA[java.lang.AssertionError: Modal did not open expected [true] but found [false]
at com.transactioninsights.tests.DashboardTest.executeTestCase(DashboardTest.java:184)
at java.base/java.util.ArrayList.forEach(ArrayList.java:1511)
... Removed 34 stack frames]]>
    </failure>
  </testcase> <!-- executeTestCase -->
  <testcase classname="com.transactioninsights.tests.DashboardTest" name="executeTestCase" time="20.179">
    <failure type="java.lang.AssertionError" message="Modal did not open expected [true] but found [false]">
      <![CDATA[java.lang.AssertionError: Modal did not open expected [true] but found [false]
at com.transactioninsights.tests.DashboardTest.executeTestCase(DashboardTest.java:205)
at java.base/java.util.ArrayList.forEach(ArrayList.java:1511)
... Removed 34 stack frames]]>
    </failure>
  </testcase> <!-- executeTestCase -->
  <testcase classname="com.transactioninsights.tests.DashboardTest" name="executeTestCase" time="20.115">
    <failure type="java.lang.AssertionError" message="Modal not displayed expected [true] but found [false]">
      <![CDATA[java.lang.AssertionError: Modal not displayed expected [true] but found [false]
at com.transactioninsights.tests.DashboardTest.executeTestCase(DashboardTest.java:222)
at java.base/java.util.ArrayList.forEach(ArrayList.java:1511)
... Removed 34 stack frames]]>
    </failure>
  </testcase> <!-- executeTestCase -->
  <testcase classname="com.transactioninsights.tests.DashboardTest" name="executeTestCase" time="1.117"/>
  <testcase classname="com.transactioninsights.tests.DashboardTest" name="executeTestCase" time="2.114"/>
</testsuite> <!-- Dashboard Tests -->
