<html>
<head>
<title>TestNG:  Dashboard Tests</title>
<link href="../testng.css" rel="stylesheet" type="text/css" />
<link href="../my-testng.css" rel="stylesheet" type="text/css" />

<style type="text/css">
.log { display: none;} 
.stack-trace { display: none;} 
</style>
<script type="text/javascript">
<!--
function flip(e) {
  current = e.style.display;
  if (current == 'block') {
    e.style.display = 'none';
    return 0;
  }
  else {
    e.style.display = 'block';
    return 1;
  }
}

function toggleBox(szDivId, elem, msg1, msg2)
{
  var res = -1;  if (document.getElementById) {
    res = flip(document.getElementById(szDivId));
  }
  else if (document.all) {
    // this is the way old msie versions work
    res = flip(document.all[szDivId]);
  }
  if(elem) {
    if(res == 0) elem.innerHTML = msg1; else elem.innerHTML = msg2;
  }

}

function toggleAllBoxes() {
  if (document.getElementsByTagName) {
    d = document.getElementsByTagName('div');
    for (i = 0; i < d.length; i++) {
      if (d[i].className == 'log') {
        flip(d[i]);
      }
    }
  }
}

// -->
</script>

</head>
<body>
<h2 align='center'>Dashboard Tests</h2><table border='1' align="center">
<tr>
<td>Tests passed/Failed/Skipped:</td><td>9/4/0</td>
</tr><tr>
<td>Started on:</td><td>Fri Nov 21 14:25:08 IST 2025</td>
</tr>
<tr><td>Total time:</td><td>183 seconds (183433 ms)</td>
</tr><tr>
<td>Included groups:</td><td></td>
</tr><tr>
<td>Excluded groups:</td><td></td>
</tr>
</table><p/>
<small><i>(Hover the method name to see the test class name)</i></small><p/>
<table width='100%' border='1' class='invocation-failed'>
<tr><td colspan='4' align='center'><b>FAILED TESTS</b></td></tr>
<tr><td><b>Test method</b></td>
<td><b>Attribute(s)</b></td>
<td width="30%"><b>Exception</b></td>
<td width="10%"><b>Time (seconds)</b></td>
<td><b>Instance</b></td>
</tr>
<tr>
<td title='com.transactioninsights.tests.DashboardTest.executeTestCase()'><b>executeTestCase</b><br>Test class: com.transactioninsights.tests.DashboardTest<br>Test method: Execute test cases from Excel data<br>Parameters: TC_011, Verify Closing Modal, Modal is open, 1. Click the 'Close' button or outside the modal area., 1. Modal closes.
2. User is returned to the main dashboard.</td>
<td><div><pre>java.lang.AssertionError: Modal not displayed expected [true] but found [false]
	at com.transactioninsights.tests.DashboardTest.executeTestCase(DashboardTest.java:222)
	at java.base/java.util.ArrayList.forEach(ArrayList.java:1511)
... Removed 34 stack frames</pre></div><a href='#' onClick='toggleBox("stack-trace1611714769", this, "Click to show all stack frames", "Click to hide stack frames")'>Click to show all stack frames</a>
<div class='stack-trace' id='stack-trace1611714769'><pre>java.lang.AssertionError: Modal not displayed expected [true] but found [false]
	at org.testng.Assert.fail(Assert.java:111)
	at org.testng.Assert.failNotEquals(Assert.java:1578)
	at org.testng.Assert.assertTrue(Assert.java:57)
	at com.transactioninsights.tests.DashboardTest.executeTestCase(DashboardTest.java:222)
	at java.base/jdk.internal.reflect.NativeMethodAccessorImpl.invoke0(Native Method)
	at java.base/jdk.internal.reflect.NativeMethodAccessorImpl.invoke(NativeMethodAccessorImpl.java:77)
	at java.base/jdk.internal.reflect.DelegatingMethodAccessorImpl.invoke(DelegatingMethodAccessorImpl.java:43)
	at java.base/java.lang.reflect.Method.invoke(Method.java:568)
	at org.testng.internal.invokers.MethodInvocationHelper.invokeMethod(MethodInvocationHelper.java:139)
	at org.testng.internal.invokers.TestInvoker.invokeMethod(TestInvoker.java:664)
	at org.testng.internal.invokers.TestInvoker.invokeTestMethod(TestInvoker.java:228)
	at org.testng.internal.invokers.MethodRunner.runInSequence(MethodRunner.java:63)
	at org.testng.internal.invokers.TestInvoker$MethodInvocationAgent.invoke(TestInvoker.java:961)
	at org.testng.internal.invokers.TestInvoker.invokeTestMethods(TestInvoker.java:201)
	at org.testng.internal.invokers.TestMethodWorker.invokeTestMethods(TestMethodWorker.java:148)
	at org.testng.internal.invokers.TestMethodWorker.run(TestMethodWorker.java:128)
	at java.base/java.util.ArrayList.forEach(ArrayList.java:1511)
	at org.testng.TestRunner.privateRun(TestRunner.java:819)
	at org.testng.TestRunner.run(TestRunner.java:619)
	at org.testng.SuiteRunner.runTest(SuiteRunner.java:443)
	at org.testng.SuiteRunner.runSequentially(SuiteRunner.java:437)
	at org.testng.SuiteRunner.privateRun(SuiteRunner.java:397)
	at org.testng.SuiteRunner.run(SuiteRunner.java:336)
	at org.testng.SuiteRunnerWorker.runSuite(SuiteRunnerWorker.java:52)
	at org.testng.SuiteRunnerWorker.run(SuiteRunnerWorker.java:95)
	at org.testng.TestNG.runSuitesSequentially(TestNG.java:1301)
	at org.testng.TestNG.runSuitesLocally(TestNG.java:1228)
	at org.testng.TestNG.runSuites(TestNG.java:1134)
	at org.testng.TestNG.run(TestNG.java:1101)
	at org.apache.maven.surefire.testng.TestNGExecutor.run(TestNGExecutor.java:308)
	at org.apache.maven.surefire.testng.TestNGXmlTestSuite.execute(TestNGXmlTestSuite.java:71)
	at org.apache.maven.surefire.testng.TestNGProvider.invoke(TestNGProvider.java:113)
	at org.apache.maven.surefire.booter.ForkedBooter.runSuitesInProcess(ForkedBooter.java:385)
	at org.apache.maven.surefire.booter.ForkedBooter.execute(ForkedBooter.java:162)
	at org.apache.maven.surefire.booter.ForkedBooter.run(ForkedBooter.java:507)
	at org.apache.maven.surefire.booter.ForkedBooter.main(ForkedBooter.java:495)
</pre></div></td>
<td>20</td>
<td>com.transactioninsights.tests.DashboardTest@6973b51b</td></tr>
<tr>
<td title='com.transactioninsights.tests.DashboardTest.executeTestCase()'><b>executeTestCase</b><br>Test class: com.transactioninsights.tests.DashboardTest<br>Test method: Execute test cases from Excel data<br>Parameters: TC_004, Verify Global Search, Dashboard is loaded, 1. Enter a valid name (e.g., 'Arjun') in the Search bar., 1. Table filters to show only rows matching 'Arjun'.</td>
<td><div><pre>java.lang.AssertionError: Filtered rows should be less than or equal to initial expected [true] but found [false]
	at com.transactioninsights.tests.DashboardTest.executeTestCase(DashboardTest.java:106)
	at java.base/java.util.ArrayList.forEach(ArrayList.java:1511)
... Removed 34 stack frames</pre></div><a href='#' onClick='toggleBox("stack-trace1278615395", this, "Click to show all stack frames", "Click to hide stack frames")'>Click to show all stack frames</a>
<div class='stack-trace' id='stack-trace1278615395'><pre>java.lang.AssertionError: Filtered rows should be less than or equal to initial expected [true] but found [false]
	at org.testng.Assert.fail(Assert.java:111)
	at org.testng.Assert.failNotEquals(Assert.java:1578)
	at org.testng.Assert.assertTrue(Assert.java:57)
	at com.transactioninsights.tests.DashboardTest.executeTestCase(DashboardTest.java:106)
	at java.base/jdk.internal.reflect.NativeMethodAccessorImpl.invoke0(Native Method)
	at java.base/jdk.internal.reflect.NativeMethodAccessorImpl.invoke(NativeMethodAccessorImpl.java:77)
	at java.base/jdk.internal.reflect.DelegatingMethodAccessorImpl.invoke(DelegatingMethodAccessorImpl.java:43)
	at java.base/java.lang.reflect.Method.invoke(Method.java:568)
	at org.testng.internal.invokers.MethodInvocationHelper.invokeMethod(MethodInvocationHelper.java:139)
	at org.testng.internal.invokers.TestInvoker.invokeMethod(TestInvoker.java:664)
	at org.testng.internal.invokers.TestInvoker.invokeTestMethod(TestInvoker.java:228)
	at org.testng.internal.invokers.MethodRunner.runInSequence(MethodRunner.java:63)
	at org.testng.internal.invokers.TestInvoker$MethodInvocationAgent.invoke(TestInvoker.java:961)
	at org.testng.internal.invokers.TestInvoker.invokeTestMethods(TestInvoker.java:201)
	at org.testng.internal.invokers.TestMethodWorker.invokeTestMethods(TestMethodWorker.java:148)
	at org.testng.internal.invokers.TestMethodWorker.run(TestMethodWorker.java:128)
	at java.base/java.util.ArrayList.forEach(ArrayList.java:1511)
	at org.testng.TestRunner.privateRun(TestRunner.java:819)
	at org.testng.TestRunner.run(TestRunner.java:619)
	at org.testng.SuiteRunner.runTest(SuiteRunner.java:443)
	at org.testng.SuiteRunner.runSequentially(SuiteRunner.java:437)
	at org.testng.SuiteRunner.privateRun(SuiteRunner.java:397)
	at org.testng.SuiteRunner.run(SuiteRunner.java:336)
	at org.testng.SuiteRunnerWorker.runSuite(SuiteRunnerWorker.java:52)
	at org.testng.SuiteRunnerWorker.run(SuiteRunnerWorker.java:95)
	at org.testng.TestNG.runSuitesSequentially(TestNG.java:1301)
	at org.testng.TestNG.runSuitesLocally(TestNG.java:1228)
	at org.testng.TestNG.runSuites(TestNG.java:1134)
	at org.testng.TestNG.run(TestNG.java:1101)
	at org.apache.maven.surefire.testng.TestNGExecutor.run(TestNGExecutor.java:308)
	at org.apache.maven.surefire.testng.TestNGXmlTestSuite.execute(TestNGXmlTestSuite.java:71)
	at org.apache.maven.surefire.testng.TestNGProvider.invoke(TestNGProvider.java:113)
	at org.apache.maven.surefire.booter.ForkedBooter.runSuitesInProcess(ForkedBooter.java:385)
	at org.apache.maven.surefire.booter.ForkedBooter.execute(ForkedBooter.java:162)
	at org.apache.maven.surefire.booter.ForkedBooter.run(ForkedBooter.java:507)
	at org.apache.maven.surefire.booter.ForkedBooter.main(ForkedBooter.java:495)
</pre></div></td>
<td>1</td>
<td>com.transactioninsights.tests.DashboardTest@6973b51b</td></tr>
<tr>
<td title='com.transactioninsights.tests.DashboardTest.executeTestCase()'><b>executeTestCase</b><br>Test class: com.transactioninsights.tests.DashboardTest<br>Test method: Execute test cases from Excel data<br>Parameters: TC_010, Verify Errored Transactions Modal, Dashboard is loaded, 1. Click the numeric link in the 'Errored' column for a row., 1. A modal opens titled 'Errored Transactions' (or similar).
2. Details of errored transactions are displayed (e.g., Transaction ID, Error Count).</td>
<td><div><pre>java.lang.AssertionError: Modal did not open expected [true] but found [false]
	at com.transactioninsights.tests.DashboardTest.executeTestCase(DashboardTest.java:205)
	at java.base/java.util.ArrayList.forEach(ArrayList.java:1511)
... Removed 34 stack frames</pre></div><a href='#' onClick='toggleBox("stack-trace1775072816", this, "Click to show all stack frames", "Click to hide stack frames")'>Click to show all stack frames</a>
<div class='stack-trace' id='stack-trace1775072816'><pre>java.lang.AssertionError: Modal did not open expected [true] but found [false]
	at org.testng.Assert.fail(Assert.java:111)
	at org.testng.Assert.failNotEquals(Assert.java:1578)
	at org.testng.Assert.assertTrue(Assert.java:57)
	at com.transactioninsights.tests.DashboardTest.executeTestCase(DashboardTest.java:205)
	at java.base/jdk.internal.reflect.NativeMethodAccessorImpl.invoke0(Native Method)
	at java.base/jdk.internal.reflect.NativeMethodAccessorImpl.invoke(NativeMethodAccessorImpl.java:77)
	at java.base/jdk.internal.reflect.DelegatingMethodAccessorImpl.invoke(DelegatingMethodAccessorImpl.java:43)
	at java.base/java.lang.reflect.Method.invoke(Method.java:568)
	at org.testng.internal.invokers.MethodInvocationHelper.invokeMethod(MethodInvocationHelper.java:139)
	at org.testng.internal.invokers.TestInvoker.invokeMethod(TestInvoker.java:664)
	at org.testng.internal.invokers.TestInvoker.invokeTestMethod(TestInvoker.java:228)
	at org.testng.internal.invokers.MethodRunner.runInSequence(MethodRunner.java:63)
	at org.testng.internal.invokers.TestInvoker$MethodInvocationAgent.invoke(TestInvoker.java:961)
	at org.testng.internal.invokers.TestInvoker.invokeTestMethods(TestInvoker.java:201)
	at org.testng.internal.invokers.TestMethodWorker.invokeTestMethods(TestMethodWorker.java:148)
	at org.testng.internal.invokers.TestMethodWorker.run(TestMethodWorker.java:128)
	at java.base/java.util.ArrayList.forEach(ArrayList.java:1511)
	at org.testng.TestRunner.privateRun(TestRunner.java:819)
	at org.testng.TestRunner.run(TestRunner.java:619)
	at org.testng.SuiteRunner.runTest(SuiteRunner.java:443)
	at org.testng.SuiteRunner.runSequentially(SuiteRunner.java:437)
	at org.testng.SuiteRunner.privateRun(SuiteRunner.java:397)
	at org.testng.SuiteRunner.run(SuiteRunner.java:336)
	at org.testng.SuiteRunnerWorker.runSuite(SuiteRunnerWorker.java:52)
	at org.testng.SuiteRunnerWorker.run(SuiteRunnerWorker.java:95)
	at org.testng.TestNG.runSuitesSequentially(TestNG.java:1301)
	at org.testng.TestNG.runSuitesLocally(TestNG.java:1228)
	at org.testng.TestNG.runSuites(TestNG.java:1134)
	at org.testng.TestNG.run(TestNG.java:1101)
	at org.apache.maven.surefire.testng.TestNGExecutor.run(TestNGExecutor.java:308)
	at org.apache.maven.surefire.testng.TestNGXmlTestSuite.execute(TestNGXmlTestSuite.java:71)
	at org.apache.maven.surefire.testng.TestNGProvider.invoke(TestNGProvider.java:113)
	at org.apache.maven.surefire.booter.ForkedBooter.runSuitesInProcess(ForkedBooter.java:385)
	at org.apache.maven.surefire.booter.ForkedBooter.execute(ForkedBooter.java:162)
	at org.apache.maven.surefire.booter.ForkedBooter.run(ForkedBooter.java:507)
	at org.apache.maven.surefire.booter.ForkedBooter.main(ForkedBooter.java:495)
</pre></div></td>
<td>20</td>
<td>com.transactioninsights.tests.DashboardTest@6973b51b</td></tr>
<tr>
<td title='com.transactioninsights.tests.DashboardTest.executeTestCase()'><b>executeTestCase</b><br>Test class: com.transactioninsights.tests.DashboardTest<br>Test method: Execute test cases from Excel data<br>Parameters: TC_009, Verify Successful Transactions Modal, Dashboard is loaded, 1. Click the numeric link in the 'Successful' column for a row., 1. A modal opens titled 'Successful Transactions' (or similar).
2. Details of successful transactions are displayed.</td>
<td><div><pre>java.lang.AssertionError: Modal did not open expected [true] but found [false]
	at com.transactioninsights.tests.DashboardTest.executeTestCase(DashboardTest.java:184)
	at java.base/java.util.ArrayList.forEach(ArrayList.java:1511)
... Removed 34 stack frames</pre></div><a href='#' onClick='toggleBox("stack-trace1879219501", this, "Click to show all stack frames", "Click to hide stack frames")'>Click to show all stack frames</a>
<div class='stack-trace' id='stack-trace1879219501'><pre>java.lang.AssertionError: Modal did not open expected [true] but found [false]
	at org.testng.Assert.fail(Assert.java:111)
	at org.testng.Assert.failNotEquals(Assert.java:1578)
	at org.testng.Assert.assertTrue(Assert.java:57)
	at com.transactioninsights.tests.DashboardTest.executeTestCase(DashboardTest.java:184)
	at java.base/jdk.internal.reflect.NativeMethodAccessorImpl.invoke0(Native Method)
	at java.base/jdk.internal.reflect.NativeMethodAccessorImpl.invoke(NativeMethodAccessorImpl.java:77)
	at java.base/jdk.internal.reflect.DelegatingMethodAccessorImpl.invoke(DelegatingMethodAccessorImpl.java:43)
	at java.base/java.lang.reflect.Method.invoke(Method.java:568)
	at org.testng.internal.invokers.MethodInvocationHelper.invokeMethod(MethodInvocationHelper.java:139)
	at org.testng.internal.invokers.TestInvoker.invokeMethod(TestInvoker.java:664)
	at org.testng.internal.invokers.TestInvoker.invokeTestMethod(TestInvoker.java:228)
	at org.testng.internal.invokers.MethodRunner.runInSequence(MethodRunner.java:63)
	at org.testng.internal.invokers.TestInvoker$MethodInvocationAgent.invoke(TestInvoker.java:961)
	at org.testng.internal.invokers.TestInvoker.invokeTestMethods(TestInvoker.java:201)
	at org.testng.internal.invokers.TestMethodWorker.invokeTestMethods(TestMethodWorker.java:148)
	at org.testng.internal.invokers.TestMethodWorker.run(TestMethodWorker.java:128)
	at java.base/java.util.ArrayList.forEach(ArrayList.java:1511)
	at org.testng.TestRunner.privateRun(TestRunner.java:819)
	at org.testng.TestRunner.run(TestRunner.java:619)
	at org.testng.SuiteRunner.runTest(SuiteRunner.java:443)
	at org.testng.SuiteRunner.runSequentially(SuiteRunner.java:437)
	at org.testng.SuiteRunner.privateRun(SuiteRunner.java:397)
	at org.testng.SuiteRunner.run(SuiteRunner.java:336)
	at org.testng.SuiteRunnerWorker.runSuite(SuiteRunnerWorker.java:52)
	at org.testng.SuiteRunnerWorker.run(SuiteRunnerWorker.java:95)
	at org.testng.TestNG.runSuitesSequentially(TestNG.java:1301)
	at org.testng.TestNG.runSuitesLocally(TestNG.java:1228)
	at org.testng.TestNG.runSuites(TestNG.java:1134)
	at org.testng.TestNG.run(TestNG.java:1101)
	at org.apache.maven.surefire.testng.TestNGExecutor.run(TestNGExecutor.java:308)
	at org.apache.maven.surefire.testng.TestNGXmlTestSuite.execute(TestNGXmlTestSuite.java:71)
	at org.apache.maven.surefire.testng.TestNGProvider.invoke(TestNGProvider.java:113)
	at org.apache.maven.surefire.booter.ForkedBooter.runSuitesInProcess(ForkedBooter.java:385)
	at org.apache.maven.surefire.booter.ForkedBooter.execute(ForkedBooter.java:162)
	at org.apache.maven.surefire.booter.ForkedBooter.run(ForkedBooter.java:507)
	at org.apache.maven.surefire.booter.ForkedBooter.main(ForkedBooter.java:495)
</pre></div></td>
<td>20</td>
<td>com.transactioninsights.tests.DashboardTest@6973b51b</td></tr>
</table><p>
<table width='100%' border='1' class='invocation-passed'>
<tr><td colspan='4' align='center'><b>PASSED TESTS</b></td></tr>
<tr><td><b>Test method</b></td>
<td><b>Attribute(s)</b></td>
<td width="30%"><b>Exception</b></td>
<td width="10%"><b>Time (seconds)</b></td>
<td><b>Instance</b></td>
</tr>
<tr>
<td title='com.transactioninsights.tests.DashboardTest.executeTestCase()'><b>executeTestCase</b><br>Test class: com.transactioninsights.tests.DashboardTest<br>Test method: Execute test cases from Excel data<br>Parameters: TC_001, Verify Dashboard Loads Successfully, Application is running, 1. Navigate to http://localhost:3001/, 1. Dashboard loads.
2. 'Transaction Insights Dashboard' title is visible.
3. Transaction table is displayed with data.</td>
<td></td>
<td>2</td>
<td>com.transactioninsights.tests.DashboardTest@6973b51b</td></tr>
<tr>
<td title='com.transactioninsights.tests.DashboardTest.executeTestCase()'><b>executeTestCase</b><br>Test class: com.transactioninsights.tests.DashboardTest<br>Test method: Execute test cases from Excel data<br>Parameters: TC_002, Verify Table Columns, Dashboard is loaded, 1. Observe the table headers, 1. Columns displayed: Name, Received Date, Total Records, Successful, Pending, Errored, Status, Actions (Menu).</td>
<td></td>
<td>3</td>
<td>com.transactioninsights.tests.DashboardTest@6973b51b</td></tr>
<tr>
<td title='com.transactioninsights.tests.DashboardTest.executeTestCase()'><b>executeTestCase</b><br>Test class: com.transactioninsights.tests.DashboardTest<br>Test method: Execute test cases from Excel data<br>Parameters: TC_012, Verify Auto-Refresh Toggle, Dashboard is loaded, 1. Click the 'Auto-refresh' toggle switch., 1. Toggle state changes (On/Off).
2. (If On) Data refreshes periodically (verify if visual indicator exists).</td>
<td></td>
<td>1</td>
<td>com.transactioninsights.tests.DashboardTest@6973b51b</td></tr>
<tr>
<td title='com.transactioninsights.tests.DashboardTest.executeTestCase()'><b>executeTestCase</b><br>Test class: com.transactioninsights.tests.DashboardTest<br>Test method: Execute test cases from Excel data<br>Parameters: TC_006, Verify Column Filter (Name), Dashboard is loaded, 1. Enter text in the 'Name' column filter input., 1. Table filters to show rows matching the name input.</td>
<td></td>
<td>1</td>
<td>com.transactioninsights.tests.DashboardTest@6973b51b</td></tr>
<tr>
<td title='com.transactioninsights.tests.DashboardTest.executeTestCase()'><b>executeTestCase</b><br>Test class: com.transactioninsights.tests.DashboardTest<br>Test method: Execute test cases from Excel data<br>Parameters: TC_003, Verify Data Consistency, Dashboard is loaded, 1. Check a row's data (e.g., 'Total Records'), 1. 'Total Records' should equal sum of Successful + Pending + Errored (if logic applies).</td>
<td></td>
<td>1</td>
<td>com.transactioninsights.tests.DashboardTest@6973b51b</td></tr>
<tr>
<td title='com.transactioninsights.tests.DashboardTest.executeTestCase()'><b>executeTestCase</b><br>Test class: com.transactioninsights.tests.DashboardTest<br>Test method: Execute test cases from Excel data<br>Parameters: TC_007, Verify Column Filter (Status), Dashboard is loaded, 1. Enter/Select a status in the 'Status' column filter., 1. Table filters to show rows with the selected status.</td>
<td></td>
<td>0</td>
<td>com.transactioninsights.tests.DashboardTest@6973b51b</td></tr>
<tr>
<td title='com.transactioninsights.tests.DashboardTest.executeTestCase()'><b>executeTestCase</b><br>Test class: com.transactioninsights.tests.DashboardTest<br>Test method: Execute test cases from Excel data<br>Parameters: TC_005, Verify Date Range Filter, Dashboard is loaded, 1. Select a Start Date and End Date containing known transactions., 1. Table updates to show only transactions within the selected range.</td>
<td></td>
<td>0</td>
<td>com.transactioninsights.tests.DashboardTest@6973b51b</td></tr>
<tr>
<td title='com.transactioninsights.tests.DashboardTest.executeTestCase()'><b>executeTestCase</b><br>Test class: com.transactioninsights.tests.DashboardTest<br>Test method: Execute test cases from Excel data<br>Parameters: TC_013, Verify Row Action Menu, Dashboard is loaded, 1. Click the 'Open menu' (three dots) button on a row., 1. A dropdown menu appears (e.g., View Details, Download). *Note: Feature availability to be confirmed.*</td>
<td></td>
<td>2</td>
<td>com.transactioninsights.tests.DashboardTest@6973b51b</td></tr>
<tr>
<td title='com.transactioninsights.tests.DashboardTest.executeTestCase()'><b>executeTestCase</b><br>Test class: com.transactioninsights.tests.DashboardTest<br>Test method: Execute test cases from Excel data<br>Parameters: TC_008, Verify Clear Filters, Filters are applied, 1. Clear the search bar or filter inputs., 1. Table resets to show all transactions.</td>
<td></td>
<td>3</td>
<td>com.transactioninsights.tests.DashboardTest@6973b51b</td></tr>
</table><p>
</body>
</html>